2023-04-12 15:07:13,432 INFO o.h.v.i.u.Version [background-preinit] HV000001: Hibernate Validator 8.0.0.Final
2023-04-12 15:07:13,471 INFO o.s.b.StartupInfoLogger [restartedMain] Starting Java13SpringProjectApplication using Java 19.0.1 with PID 1192 (C:\Users\enuva\IdeaProjects\java13spring-master\target\classes started by enuva in C:\Users\enuva\IdeaProjects\java13spring-master)
2023-04-12 15:07:13,476 INFO o.s.b.SpringApplication [restartedMain] No active profile set, falling back to 1 default profile: "default"
2023-04-12 15:07:13,733 INFO o.s.b.l.DeferredLog [restartedMain] The Class-Path manifest attribute in C:\Users\enuva\.m2\repository\com\sun\xml\bind\jaxb-core\4.0.0\jaxb-core-4.0.0.jar referenced one or more files that do not exist: file:/C:/Users/enuva/.m2/repository/com/sun/xml/bind/jaxb-core/4.0.0/jakarta.activation-api.jar,file:/C:/Users/enuva/.m2/repository/com/sun/xml/bind/jaxb-core/4.0.0/jakarta.xml.bind-api.jar
2023-04-12 15:07:13,740 INFO o.s.b.l.DeferredLog [restartedMain] Devtools property defaults active! Set 'spring.devtools.add-properties' to 'false' to disable
2023-04-12 15:07:13,740 INFO o.s.b.l.DeferredLog [restartedMain] For additional web related logging consider setting the 'logging.level.web' property to 'DEBUG'
2023-04-12 15:07:14,611 INFO o.s.d.r.c.RepositoryConfigurationDelegate [restartedMain] Multiple Spring Data modules found, entering strict repository configuration mode
2023-04-12 15:07:14,612 INFO o.s.d.r.c.RepositoryConfigurationDelegate [restartedMain] Bootstrapping Spring Data JDBC repositories in DEFAULT mode.
2023-04-12 15:07:14,653 INFO o.s.d.r.c.RepositoryConfigurationExtensionSupport [restartedMain] Spring Data JDBC - Could not safely identify store assignment for repository candidate interface com.SberProjectUEN.java13springTU.onlinecinemaproject.repository.ComposerRepository; If you want this repository to be a JDBC repository, consider annotating your entities with one of these annotations: org.springframework.data.relational.core.mapping.Table.
2023-04-12 15:07:14,655 INFO o.s.d.r.c.RepositoryConfigurationExtensionSupport [restartedMain] Spring Data JDBC - Could not safely identify store assignment for repository candidate interface com.SberProjectUEN.java13springTU.onlinecinemaproject.repository.DirectorRepository; If you want this repository to be a JDBC repository, consider annotating your entities with one of these annotations: org.springframework.data.relational.core.mapping.Table.
2023-04-12 15:07:14,658 INFO o.s.d.r.c.RepositoryConfigurationExtensionSupport [restartedMain] Spring Data JDBC - Could not safely identify store assignment for repository candidate interface com.SberProjectUEN.java13springTU.onlinecinemaproject.repository.FilmRentInfoRepository; If you want this repository to be a JDBC repository, consider annotating your entities with one of these annotations: org.springframework.data.relational.core.mapping.Table.
2023-04-12 15:07:14,659 INFO o.s.d.r.c.RepositoryConfigurationExtensionSupport [restartedMain] Spring Data JDBC - Could not safely identify store assignment for repository candidate interface com.SberProjectUEN.java13springTU.onlinecinemaproject.repository.FilmRepository; If you want this repository to be a JDBC repository, consider annotating your entities with one of these annotations: org.springframework.data.relational.core.mapping.Table.
2023-04-12 15:07:14,662 INFO o.s.d.r.c.RepositoryConfigurationExtensionSupport [restartedMain] Spring Data JDBC - Could not safely identify store assignment for repository candidate interface com.SberProjectUEN.java13springTU.onlinecinemaproject.repository.UserRepository; If you want this repository to be a JDBC repository, consider annotating your entities with one of these annotations: org.springframework.data.relational.core.mapping.Table.
2023-04-12 15:07:14,662 INFO o.s.d.r.c.RepositoryConfigurationDelegate [restartedMain] Finished Spring Data repository scanning in 46 ms. Found 0 JDBC repository interfaces.
2023-04-12 15:07:14,671 INFO o.s.d.r.c.RepositoryConfigurationDelegate [restartedMain] Multiple Spring Data modules found, entering strict repository configuration mode
2023-04-12 15:07:14,672 INFO o.s.d.r.c.RepositoryConfigurationDelegate [restartedMain] Bootstrapping Spring Data JPA repositories in DEFAULT mode.
2023-04-12 15:07:14,708 INFO o.s.d.r.c.RepositoryConfigurationDelegate [restartedMain] Finished Spring Data repository scanning in 33 ms. Found 5 JPA repository interfaces.
2023-04-12 15:07:15,315 INFO o.s.b.w.e.t.TomcatWebServer [restartedMain] Tomcat initialized with port(s): 9090 (http)
2023-04-12 15:07:15,323 INFO o.a.j.l.DirectJDKLog [restartedMain] Initializing ProtocolHandler ["http-nio-9090"]
2023-04-12 15:07:15,324 INFO o.a.j.l.DirectJDKLog [restartedMain] Starting service [Tomcat]
2023-04-12 15:07:15,325 INFO o.a.j.l.DirectJDKLog [restartedMain] Starting Servlet engine: [Apache Tomcat/10.1.4]
2023-04-12 15:07:15,376 INFO o.a.j.l.DirectJDKLog [restartedMain] Initializing Spring embedded WebApplicationContext
2023-04-12 15:07:15,377 INFO o.s.b.w.s.c.ServletWebServerApplicationContext [restartedMain] Root WebApplicationContext: initialization completed in 1636 ms
2023-04-12 15:07:15,498 INFO o.h.j.i.u.LogHelper [restartedMain] HHH000204: Processing PersistenceUnitInfo [name: default]
2023-04-12 15:07:15,547 INFO o.h.Version [restartedMain] HHH000412: Hibernate ORM core version 6.1.6.Final
2023-04-12 15:07:15,793 INFO c.z.h.HikariDataSource [restartedMain] HikariPool-1 - Starting...
2023-04-12 15:07:15,921 INFO c.z.h.p.HikariPool [restartedMain] HikariPool-1 - Added connection org.postgresql.jdbc.PgConnection@24f5c3c0
2023-04-12 15:07:15,922 INFO c.z.h.HikariDataSource [restartedMain] HikariPool-1 - Start completed.
2023-04-12 15:07:15,946 INFO o.h.e.j.d.i.DialectFactoryImpl [restartedMain] HHH000400: Using dialect: org.hibernate.dialect.PostgreSQLDialect
2023-04-12 15:07:16,119 WARN o.h.b.i.InFlightMetadataCollectorImpl [restartedMain] HHH000069: Duplicate generator name default_gen
2023-04-12 15:07:16,125 WARN o.h.b.i.InFlightMetadataCollectorImpl [restartedMain] HHH000069: Duplicate generator name default_gen
2023-04-12 15:07:16,136 WARN o.h.b.i.InFlightMetadataCollectorImpl [restartedMain] HHH000069: Duplicate generator name default_gen
2023-04-12 15:07:16,145 WARN o.h.b.i.InFlightMetadataCollectorImpl [restartedMain] HHH000069: Duplicate generator name default_gen
2023-04-12 15:07:17,038 INFO o.h.e.t.j.p.i.JtaPlatformInitiator [restartedMain] HHH000490: Using JtaPlatform implementation: [org.hibernate.engine.transaction.jta.platform.internal.NoJtaPlatform]
2023-04-12 15:07:17,046 INFO o.s.o.j.AbstractEntityManagerFactoryBean [restartedMain] Initialized JPA EntityManagerFactory for persistence unit 'default'
2023-04-12 15:07:18,604 WARN o.s.b.a.o.j.JpaBaseConfiguration$JpaWebConfiguration [restartedMain] spring.jpa.open-in-view is enabled by default. Therefore, database queries may be performed during view rendering. Explicitly configure spring.jpa.open-in-view to disable this warning
2023-04-12 15:07:18,690 INFO o.s.b.a.w.s.WelcomePageHandlerMapping [restartedMain] Adding welcome page template: index
2023-04-12 15:07:19,330 INFO o.s.s.w.DefaultSecurityFilterChain [restartedMain] Will secure any request with [org.springframework.security.web.session.DisableEncodeUrlFilter@36bc6190, org.springframework.security.web.context.request.async.WebAsyncManagerIntegrationFilter@2d54494e, org.springframework.security.web.context.SecurityContextHolderFilter@2cc365a8, org.springframework.security.web.header.HeaderWriterFilter@796b3439, org.springframework.security.web.authentication.logout.LogoutFilter@71cc80ef, org.springframework.security.web.authentication.UsernamePasswordAuthenticationFilter@7cc53e2d, org.springframework.security.web.savedrequest.RequestCacheAwareFilter@4e466ab3, org.springframework.security.web.servletapi.SecurityContextHolderAwareRequestFilter@75d255e5, org.springframework.security.web.authentication.AnonymousAuthenticationFilter@78b53e9f, org.springframework.security.web.access.ExceptionTranslationFilter@792e2733, org.springframework.security.web.access.intercept.AuthorizationFilter@749dedc4]
2023-04-12 15:07:19,711 INFO o.s.b.d.a.OptionalLiveReloadServer [restartedMain] LiveReload server is running on port 35729
2023-04-12 15:07:19,732 INFO o.a.j.l.DirectJDKLog [restartedMain] Starting ProtocolHandler ["http-nio-9090"]
2023-04-12 15:07:19,753 INFO o.s.b.w.e.t.TomcatWebServer [restartedMain] Tomcat started on port(s): 9090 (http) with context path ''
2023-04-12 15:07:19,766 INFO o.s.b.StartupInfoLogger [restartedMain] Started Java13SpringProjectApplication in 6.656 seconds (process running for 8.384)
2023-04-12 15:07:23,541 INFO o.a.j.l.DirectJDKLog [http-nio-9090-exec-1] Initializing Spring DispatcherServlet 'dispatcherServlet'
2023-04-12 15:07:23,542 INFO o.s.w.s.FrameworkServlet [http-nio-9090-exec-1] Initializing Servlet 'dispatcherServlet'
2023-04-12 15:07:23,543 INFO o.s.w.s.FrameworkServlet [http-nio-9090-exec-1] Completed initialization in 0 ms
2023-04-12 15:08:55,892 INFO c.S.j.o.M.c.MVCUserController [http-nio-9090-exec-6] Hello from log
2023-04-12 15:08:58,875 INFO c.S.j.o.M.c.MVCUserController [http-nio-9090-exec-4] Hello from log
2023-04-12 15:09:16,162 INFO c.S.j.o.M.c.MVCUserController [http-nio-9090-exec-8] Hello from log
2023-04-12 15:09:21,619 INFO c.S.j.o.M.c.MVCUserController [http-nio-9090-exec-10] Hello from log
2023-04-12 15:09:25,675 INFO c.S.j.o.M.c.MVCUserController [http-nio-9090-exec-1] Hello from log
2023-04-12 15:09:50,236 INFO c.S.j.o.M.c.MVCUserController [http-nio-9090-exec-2] Hello from log
2023-04-12 15:11:23,829 INFO o.s.o.j.AbstractEntityManagerFactoryBean [SpringApplicationShutdownHook] Closing JPA EntityManagerFactory for persistence unit 'default'
2023-04-12 15:11:23,834 INFO c.z.h.HikariDataSource [SpringApplicationShutdownHook] HikariPool-1 - Shutdown initiated...
2023-04-12 15:11:23,840 INFO c.z.h.HikariDataSource [SpringApplicationShutdownHook] HikariPool-1 - Shutdown completed.
